{"C:\\Users\\derek\\Desktop\\team341\\bobyshop\\controllers\\cart.js": {"path":"C:\\Users\\derek\\Desktop\\team341\\bobyshop\\controllers\\cart.js","statementMap":{"0":{"start":{"line":1,"column":16},"end":{"line":1,"column":40}},"1":{"start":{"line":2,"column":17},"end":{"line":2,"column":44}},"2":{"start":{"line":4,"column":20},"end":{"line":17,"column":1}},"3":{"start":{"line":5,"column":2},"end":{"line":16,"column":5}},"4":{"start":{"line":7,"column":19},"end":{"line":7,"column":81}},"5":{"start":{"line":9,"column":4},"end":{"line":12,"column":7}},"6":{"start":{"line":10,"column":6},"end":{"line":10,"column":56}},"7":{"start":{"line":11,"column":6},"end":{"line":11,"column":34}},"8":{"start":{"line":15,"column":6},"end":{"line":15,"column":50}},"9":{"start":{"line":19,"column":22},"end":{"line":36,"column":1}},"10":{"start":{"line":21,"column":17},"end":{"line":21,"column":44}},"11":{"start":{"line":22,"column":17},"end":{"line":22,"column":94}},"12":{"start":{"line":23,"column":3},"end":{"line":35,"column":1}},"13":{"start":{"line":24,"column":4},"end":{"line":27,"column":5}},"14":{"start":{"line":25,"column":6},"end":{"line":25,"column":69}},"15":{"start":{"line":26,"column":6},"end":{"line":26,"column":13}},"16":{"start":{"line":29,"column":2},"end":{"line":32,"column":5}},"17":{"start":{"line":30,"column":4},"end":{"line":30,"column":54}},"18":{"start":{"line":31,"column":4},"end":{"line":31,"column":32}},"19":{"start":{"line":34,"column":2},"end":{"line":34,"column":28}},"20":{"start":{"line":38,"column":23},"end":{"line":62,"column":1}},"21":{"start":{"line":39,"column":2},"end":{"line":61,"column":3}},"22":{"start":{"line":40,"column":4},"end":{"line":44,"column":5}},"23":{"start":{"line":42,"column":6},"end":{"line":42,"column":69}},"24":{"start":{"line":43,"column":6},"end":{"line":43,"column":12}},"25":{"start":{"line":45,"column":15},"end":{"line":49,"column":3}},"26":{"start":{"line":50,"column":19},"end":{"line":50,"column":90}},"27":{"start":{"line":52,"column":4},"end":{"line":56,"column":5}},"28":{"start":{"line":53,"column":6},"end":{"line":53,"column":37}},"29":{"start":{"line":55,"column":6},"end":{"line":55,"column":93}},"30":{"start":{"line":60,"column":4},"end":{"line":60,"column":30}},"31":{"start":{"line":64,"column":23},"end":{"line":91,"column":1}},"32":{"start":{"line":65,"column":17},"end":{"line":65,"column":44}},"33":{"start":{"line":67,"column":2},"end":{"line":90,"column":3}},"34":{"start":{"line":68,"column":4},"end":{"line":72,"column":5}},"35":{"start":{"line":70,"column":6},"end":{"line":70,"column":69}},"36":{"start":{"line":71,"column":6},"end":{"line":71,"column":12}},"37":{"start":{"line":73,"column":15},"end":{"line":77,"column":3}},"38":{"start":{"line":78,"column":19},"end":{"line":82,"column":38}},"39":{"start":{"line":84,"column":4},"end":{"line":86,"column":5}},"40":{"start":{"line":85,"column":6},"end":{"line":85,"column":29}},"41":{"start":{"line":89,"column":4},"end":{"line":89,"column":30}},"42":{"start":{"line":93,"column":23},"end":{"line":108,"column":1}},"43":{"start":{"line":94,"column":2},"end":{"line":107,"column":3}},"44":{"start":{"line":95,"column":17},"end":{"line":95,"column":44}},"45":{"start":{"line":96,"column":17},"end":{"line":96,"column":98}},"46":{"start":{"line":97,"column":2},"end":{"line":97,"column":24}},"47":{"start":{"line":98,"column":4},"end":{"line":103,"column":5}},"48":{"start":{"line":99,"column":6},"end":{"line":99,"column":29}},"49":{"start":{"line":102,"column":6},"end":{"line":102,"column":64}},"50":{"start":{"line":106,"column":4},"end":{"line":106,"column":30}},"51":{"start":{"line":110,"column":0},"end":{"line":116,"column":2}}},"fnMap":{"0":{"name":"(anonymous_0)","decl":{"start":{"line":4,"column":20},"end":{"line":4,"column":21}},"loc":{"start":{"line":4,"column":40},"end":{"line":17,"column":1}},"line":4},"1":{"name":"(anonymous_1)","decl":{"start":{"line":9,"column":26},"end":{"line":9,"column":27}},"loc":{"start":{"line":9,"column":37},"end":{"line":12,"column":5}},"line":9},"2":{"name":"(anonymous_2)","decl":{"start":{"line":19,"column":22},"end":{"line":19,"column":23}},"loc":{"start":{"line":19,"column":42},"end":{"line":36,"column":1}},"line":19},"3":{"name":"(anonymous_3)","decl":{"start":{"line":29,"column":24},"end":{"line":29,"column":25}},"loc":{"start":{"line":29,"column":35},"end":{"line":32,"column":3}},"line":29},"4":{"name":"(anonymous_4)","decl":{"start":{"line":38,"column":23},"end":{"line":38,"column":24}},"loc":{"start":{"line":38,"column":43},"end":{"line":62,"column":1}},"line":38},"5":{"name":"(anonymous_5)","decl":{"start":{"line":64,"column":23},"end":{"line":64,"column":24}},"loc":{"start":{"line":64,"column":43},"end":{"line":91,"column":1}},"line":64},"6":{"name":"(anonymous_6)","decl":{"start":{"line":93,"column":23},"end":{"line":93,"column":24}},"loc":{"start":{"line":93,"column":43},"end":{"line":108,"column":1}},"line":93}},"branchMap":{"0":{"loc":{"start":{"line":24,"column":4},"end":{"line":27,"column":5}},"type":"if","locations":[{"start":{"line":24,"column":4},"end":{"line":27,"column":5}},{"start":{},"end":{}}],"line":24},"1":{"loc":{"start":{"line":24,"column":8},"end":{"line":24,"column":26}},"type":"binary-expr","locations":[{"start":{"line":24,"column":8},"end":{"line":24,"column":15}},{"start":{"line":24,"column":19},"end":{"line":24,"column":26}}],"line":24},"2":{"loc":{"start":{"line":40,"column":4},"end":{"line":44,"column":5}},"type":"if","locations":[{"start":{"line":40,"column":4},"end":{"line":44,"column":5}},{"start":{},"end":{}}],"line":40},"3":{"loc":{"start":{"line":41,"column":6},"end":{"line":41,"column":75}},"type":"binary-expr","locations":[{"start":{"line":41,"column":6},"end":{"line":41,"column":25}},{"start":{"line":41,"column":29},"end":{"line":41,"column":52}},{"start":{"line":41,"column":56},"end":{"line":41,"column":75}}],"line":41},"4":{"loc":{"start":{"line":52,"column":4},"end":{"line":56,"column":5}},"type":"if","locations":[{"start":{"line":52,"column":4},"end":{"line":56,"column":5}},{"start":{"line":54,"column":11},"end":{"line":56,"column":5}}],"line":52},"5":{"loc":{"start":{"line":55,"column":27},"end":{"line":55,"column":91}},"type":"binary-expr","locations":[{"start":{"line":55,"column":27},"end":{"line":55,"column":41}},{"start":{"line":55,"column":45},"end":{"line":55,"column":91}}],"line":55},"6":{"loc":{"start":{"line":68,"column":4},"end":{"line":72,"column":5}},"type":"if","locations":[{"start":{"line":68,"column":4},"end":{"line":72,"column":5}},{"start":{},"end":{}}],"line":68},"7":{"loc":{"start":{"line":69,"column":8},"end":{"line":69,"column":77}},"type":"binary-expr","locations":[{"start":{"line":69,"column":8},"end":{"line":69,"column":27}},{"start":{"line":69,"column":31},"end":{"line":69,"column":54}},{"start":{"line":69,"column":58},"end":{"line":69,"column":77}}],"line":69},"8":{"loc":{"start":{"line":84,"column":4},"end":{"line":86,"column":5}},"type":"if","locations":[{"start":{"line":84,"column":4},"end":{"line":86,"column":5}},{"start":{},"end":{}}],"line":84},"9":{"loc":{"start":{"line":98,"column":4},"end":{"line":103,"column":5}},"type":"if","locations":[{"start":{"line":98,"column":4},"end":{"line":103,"column":5}},{"start":{"line":101,"column":9},"end":{"line":103,"column":5}}],"line":98}},"s":{"0":1,"1":1,"2":1,"3":0,"4":0,"5":0,"6":0,"7":0,"8":0,"9":1,"10":0,"11":0,"12":0,"13":0,"14":0,"15":0,"16":0,"17":0,"18":0,"19":0,"20":1,"21":0,"22":0,"23":0,"24":0,"25":0,"26":0,"27":0,"28":0,"29":0,"30":0,"31":1,"32":0,"33":0,"34":0,"35":0,"36":0,"37":0,"38":0,"39":0,"40":0,"41":0,"42":1,"43":0,"44":0,"45":0,"46":0,"47":0,"48":0,"49":0,"50":0,"51":1},"f":{"0":0,"1":0,"2":0,"3":0,"4":0,"5":0,"6":0},"b":{"0":[0,0],"1":[0,0],"2":[0,0],"3":[0,0,0],"4":[0,0],"5":[0,0],"6":[0,0],"7":[0,0,0],"8":[0,0],"9":[0,0]},"_coverageSchema":"1a1c01bbd47fc00a2c39e90264f33305004495a9","hash":"a2f1b356441d115ca4044bd20342f558004dc8ae"}
,"C:\\Users\\derek\\Desktop\\team341\\bobyshop\\controllers\\product.js": {"path":"C:\\Users\\derek\\Desktop\\team341\\bobyshop\\controllers\\product.js","statementMap":{"0":{"start":{"line":1,"column":16},"end":{"line":1,"column":40}},"1":{"start":{"line":2,"column":17},"end":{"line":2,"column":44}},"2":{"start":{"line":4,"column":15},"end":{"line":17,"column":1}},"3":{"start":{"line":5,"column":2},"end":{"line":16,"column":5}},"4":{"start":{"line":7,"column":19},"end":{"line":7,"column":84}},"5":{"start":{"line":9,"column":4},"end":{"line":12,"column":7}},"6":{"start":{"line":10,"column":6},"end":{"line":10,"column":56}},"7":{"start":{"line":11,"column":6},"end":{"line":11,"column":34}},"8":{"start":{"line":15,"column":6},"end":{"line":15,"column":50}},"9":{"start":{"line":19,"column":18},"end":{"line":36,"column":1}},"10":{"start":{"line":21,"column":17},"end":{"line":21,"column":44}},"11":{"start":{"line":22,"column":17},"end":{"line":22,"column":97}},"12":{"start":{"line":23,"column":3},"end":{"line":35,"column":1}},"13":{"start":{"line":24,"column":4},"end":{"line":27,"column":5}},"14":{"start":{"line":25,"column":6},"end":{"line":25,"column":69}},"15":{"start":{"line":26,"column":6},"end":{"line":26,"column":13}},"16":{"start":{"line":29,"column":2},"end":{"line":32,"column":5}},"17":{"start":{"line":30,"column":4},"end":{"line":30,"column":54}},"18":{"start":{"line":31,"column":4},"end":{"line":31,"column":32}},"19":{"start":{"line":34,"column":2},"end":{"line":34,"column":28}},"20":{"start":{"line":38,"column":19},"end":{"line":65,"column":1}},"21":{"start":{"line":39,"column":2},"end":{"line":64,"column":3}},"22":{"start":{"line":40,"column":4},"end":{"line":46,"column":5}},"23":{"start":{"line":44,"column":6},"end":{"line":44,"column":69}},"24":{"start":{"line":45,"column":6},"end":{"line":45,"column":12}},"25":{"start":{"line":47,"column":15},"end":{"line":52,"column":3}},"26":{"start":{"line":53,"column":19},"end":{"line":53,"column":93}},"27":{"start":{"line":55,"column":4},"end":{"line":59,"column":5}},"28":{"start":{"line":56,"column":6},"end":{"line":56,"column":37}},"29":{"start":{"line":58,"column":6},"end":{"line":58,"column":93}},"30":{"start":{"line":63,"column":4},"end":{"line":63,"column":30}},"31":{"start":{"line":67,"column":19},"end":{"line":97,"column":1}},"32":{"start":{"line":68,"column":17},"end":{"line":68,"column":44}},"33":{"start":{"line":70,"column":2},"end":{"line":96,"column":3}},"34":{"start":{"line":71,"column":4},"end":{"line":77,"column":5}},"35":{"start":{"line":75,"column":6},"end":{"line":75,"column":69}},"36":{"start":{"line":76,"column":6},"end":{"line":76,"column":12}},"37":{"start":{"line":78,"column":15},"end":{"line":83,"column":3}},"38":{"start":{"line":84,"column":19},"end":{"line":88,"column":38}},"39":{"start":{"line":90,"column":4},"end":{"line":92,"column":5}},"40":{"start":{"line":91,"column":6},"end":{"line":91,"column":29}},"41":{"start":{"line":95,"column":4},"end":{"line":95,"column":30}},"42":{"start":{"line":99,"column":19},"end":{"line":114,"column":1}},"43":{"start":{"line":100,"column":2},"end":{"line":113,"column":3}},"44":{"start":{"line":101,"column":17},"end":{"line":101,"column":44}},"45":{"start":{"line":102,"column":17},"end":{"line":102,"column":101}},"46":{"start":{"line":103,"column":2},"end":{"line":103,"column":24}},"47":{"start":{"line":104,"column":4},"end":{"line":109,"column":5}},"48":{"start":{"line":105,"column":6},"end":{"line":105,"column":29}},"49":{"start":{"line":108,"column":6},"end":{"line":108,"column":64}},"50":{"start":{"line":112,"column":4},"end":{"line":112,"column":30}},"51":{"start":{"line":116,"column":0},"end":{"line":122,"column":2}}},"fnMap":{"0":{"name":"(anonymous_0)","decl":{"start":{"line":4,"column":15},"end":{"line":4,"column":16}},"loc":{"start":{"line":4,"column":35},"end":{"line":17,"column":1}},"line":4},"1":{"name":"(anonymous_1)","decl":{"start":{"line":9,"column":26},"end":{"line":9,"column":27}},"loc":{"start":{"line":9,"column":37},"end":{"line":12,"column":5}},"line":9},"2":{"name":"(anonymous_2)","decl":{"start":{"line":19,"column":18},"end":{"line":19,"column":19}},"loc":{"start":{"line":19,"column":38},"end":{"line":36,"column":1}},"line":19},"3":{"name":"(anonymous_3)","decl":{"start":{"line":29,"column":24},"end":{"line":29,"column":25}},"loc":{"start":{"line":29,"column":35},"end":{"line":32,"column":3}},"line":29},"4":{"name":"(anonymous_4)","decl":{"start":{"line":38,"column":19},"end":{"line":38,"column":20}},"loc":{"start":{"line":38,"column":39},"end":{"line":65,"column":1}},"line":38},"5":{"name":"(anonymous_5)","decl":{"start":{"line":67,"column":19},"end":{"line":67,"column":20}},"loc":{"start":{"line":67,"column":39},"end":{"line":97,"column":1}},"line":67},"6":{"name":"(anonymous_6)","decl":{"start":{"line":99,"column":19},"end":{"line":99,"column":20}},"loc":{"start":{"line":99,"column":39},"end":{"line":114,"column":1}},"line":99}},"branchMap":{"0":{"loc":{"start":{"line":24,"column":4},"end":{"line":27,"column":5}},"type":"if","locations":[{"start":{"line":24,"column":4},"end":{"line":27,"column":5}},{"start":{},"end":{}}],"line":24},"1":{"loc":{"start":{"line":24,"column":8},"end":{"line":24,"column":26}},"type":"binary-expr","locations":[{"start":{"line":24,"column":8},"end":{"line":24,"column":15}},{"start":{"line":24,"column":19},"end":{"line":24,"column":26}}],"line":24},"2":{"loc":{"start":{"line":40,"column":4},"end":{"line":46,"column":5}},"type":"if","locations":[{"start":{"line":40,"column":4},"end":{"line":46,"column":5}},{"start":{},"end":{}}],"line":40},"3":{"loc":{"start":{"line":41,"column":6},"end":{"line":43,"column":22}},"type":"binary-expr","locations":[{"start":{"line":41,"column":6},"end":{"line":41,"column":20}},{"start":{"line":41,"column":24},"end":{"line":41,"column":45}},{"start":{"line":42,"column":6},"end":{"line":42,"column":21}},{"start":{"line":43,"column":6},"end":{"line":43,"column":22}}],"line":41},"4":{"loc":{"start":{"line":55,"column":4},"end":{"line":59,"column":5}},"type":"if","locations":[{"start":{"line":55,"column":4},"end":{"line":59,"column":5}},{"start":{"line":57,"column":11},"end":{"line":59,"column":5}}],"line":55},"5":{"loc":{"start":{"line":58,"column":27},"end":{"line":58,"column":91}},"type":"binary-expr","locations":[{"start":{"line":58,"column":27},"end":{"line":58,"column":41}},{"start":{"line":58,"column":45},"end":{"line":58,"column":91}}],"line":58},"6":{"loc":{"start":{"line":71,"column":4},"end":{"line":77,"column":5}},"type":"if","locations":[{"start":{"line":71,"column":4},"end":{"line":77,"column":5}},{"start":{},"end":{}}],"line":71},"7":{"loc":{"start":{"line":72,"column":6},"end":{"line":74,"column":22}},"type":"binary-expr","locations":[{"start":{"line":72,"column":6},"end":{"line":72,"column":20}},{"start":{"line":72,"column":24},"end":{"line":72,"column":45}},{"start":{"line":73,"column":6},"end":{"line":73,"column":21}},{"start":{"line":74,"column":6},"end":{"line":74,"column":22}}],"line":72},"8":{"loc":{"start":{"line":90,"column":4},"end":{"line":92,"column":5}},"type":"if","locations":[{"start":{"line":90,"column":4},"end":{"line":92,"column":5}},{"start":{},"end":{}}],"line":90},"9":{"loc":{"start":{"line":104,"column":4},"end":{"line":109,"column":5}},"type":"if","locations":[{"start":{"line":104,"column":4},"end":{"line":109,"column":5}},{"start":{"line":107,"column":9},"end":{"line":109,"column":5}}],"line":104}},"s":{"0":1,"1":1,"2":1,"3":0,"4":0,"5":0,"6":0,"7":0,"8":0,"9":1,"10":0,"11":0,"12":0,"13":0,"14":0,"15":0,"16":0,"17":0,"18":0,"19":0,"20":1,"21":0,"22":0,"23":0,"24":0,"25":0,"26":0,"27":0,"28":0,"29":0,"30":0,"31":1,"32":0,"33":0,"34":0,"35":0,"36":0,"37":0,"38":0,"39":0,"40":0,"41":0,"42":1,"43":0,"44":0,"45":0,"46":0,"47":0,"48":0,"49":0,"50":0,"51":1},"f":{"0":0,"1":0,"2":0,"3":0,"4":0,"5":0,"6":0},"b":{"0":[0,0],"1":[0,0],"2":[0,0],"3":[0,0,0,0],"4":[0,0],"5":[0,0],"6":[0,0],"7":[0,0,0,0],"8":[0,0],"9":[0,0]},"_coverageSchema":"1a1c01bbd47fc00a2c39e90264f33305004495a9","hash":"728d6d5be523b2c66e56f9cd2a23e69953779f9e"}
,"C:\\Users\\derek\\Desktop\\team341\\bobyshop\\controllers\\review.js": {"path":"C:\\Users\\derek\\Desktop\\team341\\bobyshop\\controllers\\review.js","statementMap":{"0":{"start":{"line":1,"column":16},"end":{"line":1,"column":40}},"1":{"start":{"line":2,"column":17},"end":{"line":2,"column":44}},"2":{"start":{"line":4,"column":22},"end":{"line":17,"column":1}},"3":{"start":{"line":5,"column":2},"end":{"line":16,"column":5}},"4":{"start":{"line":7,"column":19},"end":{"line":7,"column":83}},"5":{"start":{"line":9,"column":4},"end":{"line":12,"column":7}},"6":{"start":{"line":10,"column":6},"end":{"line":10,"column":56}},"7":{"start":{"line":11,"column":6},"end":{"line":11,"column":34}},"8":{"start":{"line":15,"column":6},"end":{"line":15,"column":50}},"9":{"start":{"line":19,"column":24},"end":{"line":36,"column":1}},"10":{"start":{"line":21,"column":17},"end":{"line":21,"column":44}},"11":{"start":{"line":22,"column":17},"end":{"line":22,"column":96}},"12":{"start":{"line":23,"column":3},"end":{"line":35,"column":1}},"13":{"start":{"line":24,"column":4},"end":{"line":27,"column":5}},"14":{"start":{"line":25,"column":6},"end":{"line":25,"column":69}},"15":{"start":{"line":26,"column":6},"end":{"line":26,"column":13}},"16":{"start":{"line":29,"column":2},"end":{"line":32,"column":5}},"17":{"start":{"line":30,"column":4},"end":{"line":30,"column":54}},"18":{"start":{"line":31,"column":4},"end":{"line":31,"column":32}},"19":{"start":{"line":34,"column":2},"end":{"line":34,"column":28}},"20":{"start":{"line":38,"column":25},"end":{"line":66,"column":1}},"21":{"start":{"line":39,"column":2},"end":{"line":65,"column":3}},"22":{"start":{"line":40,"column":4},"end":{"line":47,"column":5}},"23":{"start":{"line":45,"column":6},"end":{"line":45,"column":69}},"24":{"start":{"line":46,"column":6},"end":{"line":46,"column":12}},"25":{"start":{"line":48,"column":15},"end":{"line":53,"column":3}},"26":{"start":{"line":54,"column":19},"end":{"line":54,"column":92}},"27":{"start":{"line":56,"column":4},"end":{"line":60,"column":5}},"28":{"start":{"line":57,"column":6},"end":{"line":57,"column":37}},"29":{"start":{"line":59,"column":6},"end":{"line":59,"column":93}},"30":{"start":{"line":64,"column":4},"end":{"line":64,"column":30}},"31":{"start":{"line":68,"column":25},"end":{"line":99,"column":1}},"32":{"start":{"line":69,"column":17},"end":{"line":69,"column":44}},"33":{"start":{"line":71,"column":2},"end":{"line":98,"column":3}},"34":{"start":{"line":72,"column":4},"end":{"line":79,"column":5}},"35":{"start":{"line":77,"column":6},"end":{"line":77,"column":69}},"36":{"start":{"line":78,"column":6},"end":{"line":78,"column":12}},"37":{"start":{"line":80,"column":15},"end":{"line":85,"column":3}},"38":{"start":{"line":86,"column":19},"end":{"line":90,"column":38}},"39":{"start":{"line":92,"column":4},"end":{"line":94,"column":5}},"40":{"start":{"line":93,"column":6},"end":{"line":93,"column":29}},"41":{"start":{"line":97,"column":4},"end":{"line":97,"column":30}},"42":{"start":{"line":101,"column":25},"end":{"line":116,"column":1}},"43":{"start":{"line":102,"column":2},"end":{"line":115,"column":3}},"44":{"start":{"line":103,"column":17},"end":{"line":103,"column":44}},"45":{"start":{"line":104,"column":17},"end":{"line":104,"column":100}},"46":{"start":{"line":105,"column":2},"end":{"line":105,"column":24}},"47":{"start":{"line":106,"column":4},"end":{"line":111,"column":5}},"48":{"start":{"line":107,"column":6},"end":{"line":107,"column":29}},"49":{"start":{"line":110,"column":6},"end":{"line":110,"column":64}},"50":{"start":{"line":114,"column":4},"end":{"line":114,"column":30}},"51":{"start":{"line":118,"column":0},"end":{"line":124,"column":2}}},"fnMap":{"0":{"name":"(anonymous_0)","decl":{"start":{"line":4,"column":22},"end":{"line":4,"column":23}},"loc":{"start":{"line":4,"column":42},"end":{"line":17,"column":1}},"line":4},"1":{"name":"(anonymous_1)","decl":{"start":{"line":9,"column":26},"end":{"line":9,"column":27}},"loc":{"start":{"line":9,"column":37},"end":{"line":12,"column":5}},"line":9},"2":{"name":"(anonymous_2)","decl":{"start":{"line":19,"column":24},"end":{"line":19,"column":25}},"loc":{"start":{"line":19,"column":44},"end":{"line":36,"column":1}},"line":19},"3":{"name":"(anonymous_3)","decl":{"start":{"line":29,"column":24},"end":{"line":29,"column":25}},"loc":{"start":{"line":29,"column":35},"end":{"line":32,"column":3}},"line":29},"4":{"name":"(anonymous_4)","decl":{"start":{"line":38,"column":25},"end":{"line":38,"column":26}},"loc":{"start":{"line":38,"column":45},"end":{"line":66,"column":1}},"line":38},"5":{"name":"(anonymous_5)","decl":{"start":{"line":68,"column":25},"end":{"line":68,"column":26}},"loc":{"start":{"line":68,"column":45},"end":{"line":99,"column":1}},"line":68},"6":{"name":"(anonymous_6)","decl":{"start":{"line":101,"column":25},"end":{"line":101,"column":26}},"loc":{"start":{"line":101,"column":45},"end":{"line":116,"column":1}},"line":101}},"branchMap":{"0":{"loc":{"start":{"line":24,"column":4},"end":{"line":27,"column":5}},"type":"if","locations":[{"start":{"line":24,"column":4},"end":{"line":27,"column":5}},{"start":{},"end":{}}],"line":24},"1":{"loc":{"start":{"line":24,"column":8},"end":{"line":24,"column":26}},"type":"binary-expr","locations":[{"start":{"line":24,"column":8},"end":{"line":24,"column":15}},{"start":{"line":24,"column":19},"end":{"line":24,"column":26}}],"line":24},"2":{"loc":{"start":{"line":40,"column":4},"end":{"line":47,"column":5}},"type":"if","locations":[{"start":{"line":40,"column":4},"end":{"line":47,"column":5}},{"start":{},"end":{}}],"line":40},"3":{"loc":{"start":{"line":41,"column":4},"end":{"line":44,"column":18}},"type":"binary-expr","locations":[{"start":{"line":41,"column":4},"end":{"line":41,"column":22}},{"start":{"line":42,"column":4},"end":{"line":42,"column":25}},{"start":{"line":43,"column":4},"end":{"line":43,"column":20}},{"start":{"line":44,"column":4},"end":{"line":44,"column":18}}],"line":41},"4":{"loc":{"start":{"line":51,"column":11},"end":{"line":51,"column":34}},"type":"binary-expr","locations":[{"start":{"line":51,"column":11},"end":{"line":51,"column":26}},{"start":{"line":51,"column":30},"end":{"line":51,"column":34}}],"line":51},"5":{"loc":{"start":{"line":56,"column":4},"end":{"line":60,"column":5}},"type":"if","locations":[{"start":{"line":56,"column":4},"end":{"line":60,"column":5}},{"start":{"line":58,"column":11},"end":{"line":60,"column":5}}],"line":56},"6":{"loc":{"start":{"line":59,"column":27},"end":{"line":59,"column":91}},"type":"binary-expr","locations":[{"start":{"line":59,"column":27},"end":{"line":59,"column":41}},{"start":{"line":59,"column":45},"end":{"line":59,"column":91}}],"line":59},"7":{"loc":{"start":{"line":72,"column":4},"end":{"line":79,"column":5}},"type":"if","locations":[{"start":{"line":72,"column":4},"end":{"line":79,"column":5}},{"start":{},"end":{}}],"line":72},"8":{"loc":{"start":{"line":73,"column":8},"end":{"line":76,"column":22}},"type":"binary-expr","locations":[{"start":{"line":73,"column":8},"end":{"line":73,"column":26}},{"start":{"line":74,"column":8},"end":{"line":74,"column":29}},{"start":{"line":75,"column":8},"end":{"line":75,"column":24}},{"start":{"line":76,"column":8},"end":{"line":76,"column":22}}],"line":73},"9":{"loc":{"start":{"line":83,"column":11},"end":{"line":83,"column":34}},"type":"binary-expr","locations":[{"start":{"line":83,"column":11},"end":{"line":83,"column":26}},{"start":{"line":83,"column":30},"end":{"line":83,"column":34}}],"line":83},"10":{"loc":{"start":{"line":92,"column":4},"end":{"line":94,"column":5}},"type":"if","locations":[{"start":{"line":92,"column":4},"end":{"line":94,"column":5}},{"start":{},"end":{}}],"line":92},"11":{"loc":{"start":{"line":106,"column":4},"end":{"line":111,"column":5}},"type":"if","locations":[{"start":{"line":106,"column":4},"end":{"line":111,"column":5}},{"start":{"line":109,"column":9},"end":{"line":111,"column":5}}],"line":106}},"s":{"0":1,"1":1,"2":1,"3":0,"4":0,"5":0,"6":0,"7":0,"8":0,"9":1,"10":0,"11":0,"12":0,"13":0,"14":0,"15":0,"16":0,"17":0,"18":0,"19":0,"20":1,"21":0,"22":0,"23":0,"24":0,"25":0,"26":0,"27":0,"28":0,"29":0,"30":0,"31":1,"32":0,"33":0,"34":0,"35":0,"36":0,"37":0,"38":0,"39":0,"40":0,"41":0,"42":1,"43":0,"44":0,"45":0,"46":0,"47":0,"48":0,"49":0,"50":0,"51":1},"f":{"0":0,"1":0,"2":0,"3":0,"4":0,"5":0,"6":0},"b":{"0":[0,0],"1":[0,0],"2":[0,0],"3":[0,0,0,0],"4":[0,0],"5":[0,0],"6":[0,0],"7":[0,0],"8":[0,0,0,0],"9":[0,0],"10":[0,0],"11":[0,0]},"_coverageSchema":"1a1c01bbd47fc00a2c39e90264f33305004495a9","hash":"b818cc0fe5f746ceac55dcb658b63f96a7b0d5cd"}
,"C:\\Users\\derek\\Desktop\\team341\\bobyshop\\controllers\\user.js": {"path":"C:\\Users\\derek\\Desktop\\team341\\bobyshop\\controllers\\user.js","statementMap":{"0":{"start":{"line":1,"column":16},"end":{"line":1,"column":40}},"1":{"start":{"line":2,"column":17},"end":{"line":2,"column":44}},"2":{"start":{"line":4,"column":20},"end":{"line":17,"column":1}},"3":{"start":{"line":5,"column":2},"end":{"line":16,"column":5}},"4":{"start":{"line":7,"column":19},"end":{"line":7,"column":81}},"5":{"start":{"line":9,"column":4},"end":{"line":12,"column":7}},"6":{"start":{"line":10,"column":6},"end":{"line":10,"column":56}},"7":{"start":{"line":11,"column":6},"end":{"line":11,"column":34}},"8":{"start":{"line":15,"column":6},"end":{"line":15,"column":50}},"9":{"start":{"line":19,"column":22},"end":{"line":36,"column":1}},"10":{"start":{"line":21,"column":17},"end":{"line":21,"column":44}},"11":{"start":{"line":22,"column":17},"end":{"line":22,"column":94}},"12":{"start":{"line":23,"column":3},"end":{"line":35,"column":1}},"13":{"start":{"line":24,"column":4},"end":{"line":27,"column":5}},"14":{"start":{"line":25,"column":6},"end":{"line":25,"column":69}},"15":{"start":{"line":26,"column":6},"end":{"line":26,"column":13}},"16":{"start":{"line":29,"column":2},"end":{"line":32,"column":5}},"17":{"start":{"line":30,"column":4},"end":{"line":30,"column":54}},"18":{"start":{"line":31,"column":4},"end":{"line":31,"column":32}},"19":{"start":{"line":34,"column":2},"end":{"line":34,"column":28}},"20":{"start":{"line":38,"column":23},"end":{"line":70,"column":1}},"21":{"start":{"line":39,"column":2},"end":{"line":69,"column":3}},"22":{"start":{"line":40,"column":4},"end":{"line":48,"column":5}},"23":{"start":{"line":46,"column":6},"end":{"line":46,"column":69}},"24":{"start":{"line":47,"column":6},"end":{"line":47,"column":12}},"25":{"start":{"line":49,"column":15},"end":{"line":57,"column":3}},"26":{"start":{"line":58,"column":19},"end":{"line":58,"column":90}},"27":{"start":{"line":60,"column":4},"end":{"line":64,"column":5}},"28":{"start":{"line":61,"column":6},"end":{"line":61,"column":37}},"29":{"start":{"line":63,"column":6},"end":{"line":63,"column":93}},"30":{"start":{"line":68,"column":4},"end":{"line":68,"column":30}},"31":{"start":{"line":72,"column":23},"end":{"line":106,"column":1}},"32":{"start":{"line":73,"column":17},"end":{"line":73,"column":44}},"33":{"start":{"line":75,"column":2},"end":{"line":105,"column":3}},"34":{"start":{"line":76,"column":4},"end":{"line":84,"column":5}},"35":{"start":{"line":82,"column":6},"end":{"line":82,"column":69}},"36":{"start":{"line":83,"column":6},"end":{"line":83,"column":12}},"37":{"start":{"line":85,"column":15},"end":{"line":92,"column":3}},"38":{"start":{"line":93,"column":19},"end":{"line":97,"column":38}},"39":{"start":{"line":99,"column":4},"end":{"line":101,"column":5}},"40":{"start":{"line":100,"column":6},"end":{"line":100,"column":29}},"41":{"start":{"line":104,"column":4},"end":{"line":104,"column":30}},"42":{"start":{"line":108,"column":23},"end":{"line":123,"column":1}},"43":{"start":{"line":109,"column":2},"end":{"line":122,"column":3}},"44":{"start":{"line":110,"column":17},"end":{"line":110,"column":44}},"45":{"start":{"line":111,"column":17},"end":{"line":111,"column":98}},"46":{"start":{"line":112,"column":2},"end":{"line":112,"column":24}},"47":{"start":{"line":113,"column":4},"end":{"line":118,"column":5}},"48":{"start":{"line":114,"column":6},"end":{"line":114,"column":29}},"49":{"start":{"line":117,"column":6},"end":{"line":117,"column":64}},"50":{"start":{"line":121,"column":4},"end":{"line":121,"column":30}},"51":{"start":{"line":127,"column":0},"end":{"line":133,"column":2}}},"fnMap":{"0":{"name":"(anonymous_0)","decl":{"start":{"line":4,"column":20},"end":{"line":4,"column":21}},"loc":{"start":{"line":4,"column":40},"end":{"line":17,"column":1}},"line":4},"1":{"name":"(anonymous_1)","decl":{"start":{"line":9,"column":26},"end":{"line":9,"column":27}},"loc":{"start":{"line":9,"column":37},"end":{"line":12,"column":5}},"line":9},"2":{"name":"(anonymous_2)","decl":{"start":{"line":19,"column":22},"end":{"line":19,"column":23}},"loc":{"start":{"line":19,"column":42},"end":{"line":36,"column":1}},"line":19},"3":{"name":"(anonymous_3)","decl":{"start":{"line":29,"column":24},"end":{"line":29,"column":25}},"loc":{"start":{"line":29,"column":35},"end":{"line":32,"column":3}},"line":29},"4":{"name":"(anonymous_4)","decl":{"start":{"line":38,"column":23},"end":{"line":38,"column":24}},"loc":{"start":{"line":38,"column":43},"end":{"line":70,"column":1}},"line":38},"5":{"name":"(anonymous_5)","decl":{"start":{"line":72,"column":23},"end":{"line":72,"column":24}},"loc":{"start":{"line":72,"column":43},"end":{"line":106,"column":1}},"line":72},"6":{"name":"(anonymous_6)","decl":{"start":{"line":108,"column":23},"end":{"line":108,"column":24}},"loc":{"start":{"line":108,"column":43},"end":{"line":123,"column":1}},"line":108}},"branchMap":{"0":{"loc":{"start":{"line":24,"column":4},"end":{"line":27,"column":5}},"type":"if","locations":[{"start":{"line":24,"column":4},"end":{"line":27,"column":5}},{"start":{},"end":{}}],"line":24},"1":{"loc":{"start":{"line":24,"column":8},"end":{"line":24,"column":26}},"type":"binary-expr","locations":[{"start":{"line":24,"column":8},"end":{"line":24,"column":15}},{"start":{"line":24,"column":19},"end":{"line":24,"column":26}}],"line":24},"2":{"loc":{"start":{"line":40,"column":4},"end":{"line":48,"column":5}},"type":"if","locations":[{"start":{"line":40,"column":4},"end":{"line":48,"column":5}},{"start":{},"end":{}}],"line":40},"3":{"loc":{"start":{"line":41,"column":6},"end":{"line":45,"column":21}},"type":"binary-expr","locations":[{"start":{"line":41,"column":6},"end":{"line":41,"column":24}},{"start":{"line":41,"column":28},"end":{"line":41,"column":49}},{"start":{"line":42,"column":6},"end":{"line":42,"column":29}},{"start":{"line":43,"column":6},"end":{"line":43,"column":24}},{"start":{"line":44,"column":6},"end":{"line":44,"column":24}},{"start":{"line":45,"column":6},"end":{"line":45,"column":21}}],"line":41},"4":{"loc":{"start":{"line":52,"column":18},"end":{"line":52,"column":48}},"type":"binary-expr","locations":[{"start":{"line":52,"column":18},"end":{"line":52,"column":40}},{"start":{"line":52,"column":44},"end":{"line":52,"column":48}}],"line":52},"5":{"loc":{"start":{"line":60,"column":4},"end":{"line":64,"column":5}},"type":"if","locations":[{"start":{"line":60,"column":4},"end":{"line":64,"column":5}},{"start":{"line":62,"column":11},"end":{"line":64,"column":5}}],"line":60},"6":{"loc":{"start":{"line":63,"column":27},"end":{"line":63,"column":91}},"type":"binary-expr","locations":[{"start":{"line":63,"column":27},"end":{"line":63,"column":41}},{"start":{"line":63,"column":45},"end":{"line":63,"column":91}}],"line":63},"7":{"loc":{"start":{"line":76,"column":4},"end":{"line":84,"column":5}},"type":"if","locations":[{"start":{"line":76,"column":4},"end":{"line":84,"column":5}},{"start":{},"end":{}}],"line":76},"8":{"loc":{"start":{"line":77,"column":6},"end":{"line":81,"column":21}},"type":"binary-expr","locations":[{"start":{"line":77,"column":6},"end":{"line":77,"column":24}},{"start":{"line":77,"column":28},"end":{"line":77,"column":49}},{"start":{"line":78,"column":6},"end":{"line":78,"column":29}},{"start":{"line":79,"column":6},"end":{"line":79,"column":24}},{"start":{"line":80,"column":6},"end":{"line":80,"column":24}},{"start":{"line":81,"column":6},"end":{"line":81,"column":21}}],"line":77},"9":{"loc":{"start":{"line":88,"column":18},"end":{"line":88,"column":48}},"type":"binary-expr","locations":[{"start":{"line":88,"column":18},"end":{"line":88,"column":40}},{"start":{"line":88,"column":44},"end":{"line":88,"column":48}}],"line":88},"10":{"loc":{"start":{"line":99,"column":4},"end":{"line":101,"column":5}},"type":"if","locations":[{"start":{"line":99,"column":4},"end":{"line":101,"column":5}},{"start":{},"end":{}}],"line":99},"11":{"loc":{"start":{"line":113,"column":4},"end":{"line":118,"column":5}},"type":"if","locations":[{"start":{"line":113,"column":4},"end":{"line":118,"column":5}},{"start":{"line":116,"column":9},"end":{"line":118,"column":5}}],"line":113}},"s":{"0":1,"1":1,"2":1,"3":0,"4":0,"5":0,"6":0,"7":0,"8":0,"9":1,"10":0,"11":0,"12":0,"13":0,"14":0,"15":0,"16":0,"17":0,"18":0,"19":0,"20":1,"21":0,"22":0,"23":0,"24":0,"25":0,"26":0,"27":0,"28":0,"29":0,"30":0,"31":1,"32":0,"33":0,"34":0,"35":0,"36":0,"37":0,"38":0,"39":0,"40":0,"41":0,"42":1,"43":0,"44":0,"45":0,"46":0,"47":0,"48":0,"49":0,"50":0,"51":1},"f":{"0":0,"1":0,"2":0,"3":0,"4":0,"5":0,"6":0},"b":{"0":[0,0],"1":[0,0],"2":[0,0],"3":[0,0,0,0,0,0],"4":[0,0],"5":[0,0],"6":[0,0],"7":[0,0],"8":[0,0,0,0,0,0],"9":[0,0],"10":[0,0],"11":[0,0]},"_coverageSchema":"1a1c01bbd47fc00a2c39e90264f33305004495a9","hash":"a1f4588c19191ddcfb5f54466fb9b85965cee324"}
,"C:\\Users\\derek\\Desktop\\team341\\bobyshop\\db\\connect.js": {"path":"C:\\Users\\derek\\Desktop\\team341\\bobyshop\\db\\connect.js","statementMap":{"0":{"start":{"line":1,"column":15},"end":{"line":1,"column":32}},"1":{"start":{"line":2,"column":0},"end":{"line":2,"column":16}},"2":{"start":{"line":3,"column":20},"end":{"line":3,"column":50}},"3":{"start":{"line":7,"column":15},"end":{"line":20,"column":1}},"4":{"start":{"line":8,"column":2},"end":{"line":11,"column":3}},"5":{"start":{"line":9,"column":4},"end":{"line":9,"column":46}},"6":{"start":{"line":10,"column":4},"end":{"line":10,"column":31}},"7":{"start":{"line":12,"column":2},"end":{"line":19,"column":7}},"8":{"start":{"line":14,"column":6},"end":{"line":14,"column":19}},"9":{"start":{"line":15,"column":6},"end":{"line":15,"column":26}},"10":{"start":{"line":18,"column":6},"end":{"line":18,"column":20}},"11":{"start":{"line":22,"column":14},"end":{"line":27,"column":1}},"12":{"start":{"line":23,"column":2},"end":{"line":25,"column":3}},"13":{"start":{"line":24,"column":4},"end":{"line":24,"column":38}},"14":{"start":{"line":26,"column":2},"end":{"line":26,"column":13}},"15":{"start":{"line":29,"column":0},"end":{"line":32,"column":2}}},"fnMap":{"0":{"name":"(anonymous_0)","decl":{"start":{"line":7,"column":15},"end":{"line":7,"column":16}},"loc":{"start":{"line":7,"column":29},"end":{"line":20,"column":1}},"line":7},"1":{"name":"(anonymous_1)","decl":{"start":{"line":13,"column":10},"end":{"line":13,"column":11}},"loc":{"start":{"line":13,"column":22},"end":{"line":16,"column":5}},"line":13},"2":{"name":"(anonymous_2)","decl":{"start":{"line":17,"column":11},"end":{"line":17,"column":12}},"loc":{"start":{"line":17,"column":20},"end":{"line":19,"column":5}},"line":17},"3":{"name":"(anonymous_3)","decl":{"start":{"line":22,"column":14},"end":{"line":22,"column":15}},"loc":{"start":{"line":22,"column":20},"end":{"line":27,"column":1}},"line":22}},"branchMap":{"0":{"loc":{"start":{"line":8,"column":2},"end":{"line":11,"column":3}},"type":"if","locations":[{"start":{"line":8,"column":2},"end":{"line":11,"column":3}},{"start":{},"end":{}}],"line":8},"1":{"loc":{"start":{"line":23,"column":2},"end":{"line":25,"column":3}},"type":"if","locations":[{"start":{"line":23,"column":2},"end":{"line":25,"column":3}},{"start":{},"end":{}}],"line":23}},"s":{"0":1,"1":1,"2":1,"3":1,"4":0,"5":0,"6":0,"7":0,"8":0,"9":0,"10":0,"11":1,"12":0,"13":0,"14":0,"15":1},"f":{"0":0,"1":0,"2":0,"3":0},"b":{"0":[0,0],"1":[0,0]},"_coverageSchema":"1a1c01bbd47fc00a2c39e90264f33305004495a9","hash":"19290474ffe696a9f11b6ef84d71db124c77ef1f"}
,"C:\\Users\\derek\\Desktop\\team341\\bobyshop\\routes\\cart.js": {"path":"C:\\Users\\derek\\Desktop\\team341\\bobyshop\\routes\\cart.js","statementMap":{"0":{"start":{"line":1,"column":16},"end":{"line":1,"column":34}},"1":{"start":{"line":2,"column":15},"end":{"line":2,"column":31}},"2":{"start":{"line":4,"column":23},"end":{"line":4,"column":53}},"3":{"start":{"line":6,"column":0},"end":{"line":6,"column":44}},"4":{"start":{"line":7,"column":0},"end":{"line":7,"column":49}},"5":{"start":{"line":8,"column":0},"end":{"line":8,"column":48}},"6":{"start":{"line":9,"column":0},"end":{"line":9,"column":50}},"7":{"start":{"line":10,"column":0},"end":{"line":10,"column":53}},"8":{"start":{"line":12,"column":0},"end":{"line":12,"column":24}}},"fnMap":{},"branchMap":{},"s":{"0":1,"1":1,"2":1,"3":1,"4":1,"5":1,"6":1,"7":1,"8":1},"f":{},"b":{},"_coverageSchema":"1a1c01bbd47fc00a2c39e90264f33305004495a9","hash":"f16615f9c863cb0913920b40a6e99cc1ea8a565e"}
,"C:\\Users\\derek\\Desktop\\team341\\bobyshop\\routes\\index.js": {"path":"C:\\Users\\derek\\Desktop\\team341\\bobyshop\\routes\\index.js","statementMap":{"0":{"start":{"line":1,"column":16},"end":{"line":1,"column":34}},"1":{"start":{"line":2,"column":15},"end":{"line":2,"column":31}},"2":{"start":{"line":3,"column":31},"end":{"line":3,"column":64}},"3":{"start":{"line":7,"column":0},"end":{"line":7,"column":38}},"4":{"start":{"line":8,"column":0},"end":{"line":8,"column":45}},"5":{"start":{"line":9,"column":0},"end":{"line":9,"column":39}},"6":{"start":{"line":10,"column":0},"end":{"line":10,"column":43}},"7":{"start":{"line":11,"column":0},"end":{"line":11,"column":39}},"8":{"start":{"line":13,"column":0},"end":{"line":13,"column":24}}},"fnMap":{},"branchMap":{},"s":{"0":1,"1":1,"2":1,"3":1,"4":1,"5":1,"6":1,"7":1,"8":1},"f":{},"b":{},"_coverageSchema":"1a1c01bbd47fc00a2c39e90264f33305004495a9","hash":"12b8d0fa3e2efdd66ba46a92e193c2ad11d7e6c9"}
,"C:\\Users\\derek\\Desktop\\team341\\bobyshop\\routes\\product.js": {"path":"C:\\Users\\derek\\Desktop\\team341\\bobyshop\\routes\\product.js","statementMap":{"0":{"start":{"line":1,"column":16},"end":{"line":1,"column":34}},"1":{"start":{"line":2,"column":15},"end":{"line":2,"column":31}},"2":{"start":{"line":4,"column":25},"end":{"line":4,"column":58}},"3":{"start":{"line":6,"column":0},"end":{"line":6,"column":41}},"4":{"start":{"line":7,"column":0},"end":{"line":7,"column":47}},"5":{"start":{"line":9,"column":0},"end":{"line":9,"column":46}},"6":{"start":{"line":10,"column":0},"end":{"line":10,"column":48}},"7":{"start":{"line":11,"column":0},"end":{"line":11,"column":51}},"8":{"start":{"line":13,"column":0},"end":{"line":13,"column":24}}},"fnMap":{},"branchMap":{},"s":{"0":1,"1":1,"2":1,"3":1,"4":1,"5":1,"6":1,"7":1,"8":1},"f":{},"b":{},"_coverageSchema":"1a1c01bbd47fc00a2c39e90264f33305004495a9","hash":"114b188afbfaf445bf4584d5df518bd291a22602"}
,"C:\\Users\\derek\\Desktop\\team341\\bobyshop\\routes\\review.js": {"path":"C:\\Users\\derek\\Desktop\\team341\\bobyshop\\routes\\review.js","statementMap":{"0":{"start":{"line":1,"column":16},"end":{"line":1,"column":34}},"1":{"start":{"line":2,"column":15},"end":{"line":2,"column":31}},"2":{"start":{"line":4,"column":25},"end":{"line":4,"column":57}},"3":{"start":{"line":6,"column":0},"end":{"line":6,"column":48}},"4":{"start":{"line":7,"column":0},"end":{"line":7,"column":53}},"5":{"start":{"line":8,"column":0},"end":{"line":8,"column":52}},"6":{"start":{"line":9,"column":0},"end":{"line":9,"column":54}},"7":{"start":{"line":10,"column":0},"end":{"line":10,"column":57}},"8":{"start":{"line":12,"column":0},"end":{"line":12,"column":24}}},"fnMap":{},"branchMap":{},"s":{"0":1,"1":1,"2":1,"3":1,"4":1,"5":1,"6":1,"7":1,"8":1},"f":{},"b":{},"_coverageSchema":"1a1c01bbd47fc00a2c39e90264f33305004495a9","hash":"bf1d43b81954922e6d8c381af31882b54327131d"}
,"C:\\Users\\derek\\Desktop\\team341\\bobyshop\\routes\\swagger.js": {"path":"C:\\Users\\derek\\Desktop\\team341\\bobyshop\\routes\\swagger.js","statementMap":{"0":{"start":{"line":1,"column":15},"end":{"line":1,"column":42}},"1":{"start":{"line":2,"column":18},"end":{"line":2,"column":47}},"2":{"start":{"line":3,"column":24},"end":{"line":3,"column":50}},"3":{"start":{"line":4,"column":0},"end":{"line":4,"column":41}},"4":{"start":{"line":5,"column":0},"end":{"line":5,"column":58}},"5":{"start":{"line":7,"column":0},"end":{"line":7,"column":24}}},"fnMap":{},"branchMap":{},"s":{"0":1,"1":1,"2":1,"3":1,"4":1,"5":1},"f":{},"b":{},"_coverageSchema":"1a1c01bbd47fc00a2c39e90264f33305004495a9","hash":"352d285d223204c32c3d730258970ad254d41609"}
,"C:\\Users\\derek\\Desktop\\team341\\bobyshop\\routes\\user.js": {"path":"C:\\Users\\derek\\Desktop\\team341\\bobyshop\\routes\\user.js","statementMap":{"0":{"start":{"line":1,"column":16},"end":{"line":1,"column":34}},"1":{"start":{"line":2,"column":15},"end":{"line":2,"column":31}},"2":{"start":{"line":4,"column":23},"end":{"line":4,"column":53}},"3":{"start":{"line":6,"column":0},"end":{"line":6,"column":44}},"4":{"start":{"line":7,"column":0},"end":{"line":7,"column":49}},"5":{"start":{"line":8,"column":0},"end":{"line":8,"column":48}},"6":{"start":{"line":9,"column":0},"end":{"line":9,"column":50}},"7":{"start":{"line":10,"column":0},"end":{"line":10,"column":53}},"8":{"start":{"line":12,"column":0},"end":{"line":12,"column":24}}},"fnMap":{},"branchMap":{},"s":{"0":1,"1":1,"2":1,"3":1,"4":1,"5":1,"6":1,"7":1,"8":1},"f":{},"b":{},"_coverageSchema":"1a1c01bbd47fc00a2c39e90264f33305004495a9","hash":"629612c5c27bcd91b29e1344803aa8347f8aeafd"}
}
